[2024-02-08 07:35:31] [1] [INFO] TEST [SolvdTestProject - BlogPageTest [L02]] STARTED at [16:35:31 2024-02-08]
[2024-02-08 07:35:31] [1] [INFO] Starting driver session...
[2024-02-08 07:35:32] [1] [INFO] Driver session started.
[2024-02-08 07:35:32] [1] [INFO] INFO: opening url 'https://www.solvd.com/'
[2024-02-08 07:35:36] [1] [INFO] PASS: element 'blogButton' is clicked.
[2024-02-08 07:35:38] [1] [INFO] PASS: keys 'Test Automation' are sent to element 'searchInputField'.
[2024-02-08 07:36:00] [1] [ERROR] TEST [SolvdTestProject - BlogPageTest [L02]] FAILED at [16:36:00 2024-02-08] - The button is not clickable expected [true] but found [false]

org.testng.Assert.fail(Assert.java:110)
org.testng.Assert.failNotEquals(Assert.java:1577)
org.testng.Assert.assertTrue(Assert.java:56)
com.solvd.carina.demo.WebSolvdTest.BlogPageTest(WebSolvdTest.java:27)
java.base/jdk.internal.reflect.DirectMethodHandleAccessor.invoke(DirectMethodHandleAccessor.java:103)
java.base/java.lang.reflect.Method.invoke(Method.java:580)
org.testng.internal.invokers.MethodInvocationHelper.invokeMethod(MethodInvocationHelper.java:139)
org.testng.internal.invokers.TestInvoker.invokeMethod(TestInvoker.java:677)
org.testng.internal.invokers.TestInvoker.invokeTestMethod(TestInvoker.java:221)
org.testng.internal.invokers.MethodRunner.runInSequence(MethodRunner.java:50)
org.testng.internal.invokers.TestInvoker$MethodInvocationAgent.invoke(TestInvoker.java:969)
org.testng.internal.invokers.TestInvoker.invokeTestMethods(TestInvoker.java:194)
org.testng.internal.invokers.TestMethodWorker.invokeTestMethods(TestMethodWorker.java:148)
org.testng.internal.invokers.TestMethodWorker.run(TestMethodWorker.java:128)
java.base/java.util.ArrayList.forEach(ArrayList.java:1596)
org.testng.TestRunner.privateRun(TestRunner.java:829)
org.testng.TestRunner.run(TestRunner.java:602)
org.testng.SuiteRunner.runTest(SuiteRunner.java:437)
org.testng.SuiteRunner.runSequentially(SuiteRunner.java:431)
org.testng.SuiteRunner.privateRun(SuiteRunner.java:391)
org.testng.SuiteRunner.run(SuiteRunner.java:330)
org.testng.SuiteRunnerWorker.runSuite(SuiteRunnerWorker.java:52)
org.testng.SuiteRunnerWorker.run(SuiteRunnerWorker.java:95)
org.testng.TestNG.runSuitesSequentially(TestNG.java:1256)
org.testng.TestNG.runSuitesLocally(TestNG.java:1176)
org.testng.TestNG.runSuites(TestNG.java:1099)
org.testng.TestNG.run(TestNG.java:1067)
com.intellij.rt.testng.IDEARemoteTestNG.run(IDEARemoteTestNG.java:66)
com.intellij.rt.testng.RemoteTestNGStarter.main(RemoteTestNGStarter.java:105)
