[2024-02-08 02:05:56] [1] [WARN] Reporting disabled: using no op test run registrar
[2024-02-08 02:05:56] [1] [INFO] TEST [SolvdTestProject - putProductTest] STARTED at [23:05:56 2024-02-07]
[2024-02-08 02:05:58] [1] [INFO] Request method:	PUT
Request URI:	https://dummyjson.com/products/1
Request params:	<none>
Query params:	<none>
Form params:	<none>
Path params:	<none>
Multiparts:		<none>
Cookies:		<none>
Headers:		Accept=*/*
				Content-Type=application/json; charset=UTF-8
Body:
{
    "title": "iPhone"
}
HTTP/1.1 200 OK
access-control-allow-origin: *
x-dns-prefetch-control: off
x-frame-options: SAMEORIGIN
strict-transport-security: max-age=15552000; includeSubDomains
x-download-options: noopen
x-content-type-options: nosniff
x-xss-protection: 1; mode=block
x-ratelimit-limit: 100
x-ratelimit-remaining: 99
date: Thu, 08 Feb 2024 02:05:58 GMT
x-ratelimit-reset: 1707357965
content-type: application/json; charset=utf-8
content-length: 508
etag: W/"1fc-Hd/Z+YhMmS1Z/NvWC7M2y6jwAIg"
vary: Accept-Encoding
server: railway

{
    "id": 1,
    "title": "iPhone",
    "price": 549,
    "stock": 94,
    "rating": 4.69,
    "images": [
        "https://cdn.dummyjson.com/product-images/1/1.jpg",
        "https://cdn.dummyjson.com/product-images/1/2.jpg",
        "https://cdn.dummyjson.com/product-images/1/3.jpg",
        "https://cdn.dummyjson.com/product-images/1/4.jpg",
        "https://cdn.dummyjson.com/product-images/1/thumbnail.jpg"
    ],
    "thumbnail": "https://cdn.dummyjson.com/product-images/1/thumbnail.jpg",
    "description": "An apple mobile which is nothing like apple",
    "brand": "Apple",
    "category": "smartphones"
}

[2024-02-08 02:05:58] [1] [ERROR] TEST [SolvdTestProject - putProductTest] FAILED at [23:05:58 2024-02-07] - price
Value type 'Integer' doesn't match to expected type 'Double'
 ; rating
Value type 'Double' doesn't match to expected type 'Integer'


org.skyscreamer.jsonassert.JSONAssert.assertEquals(JSONAssert.java:482)
org.skyscreamer.jsonassert.JSONAssert.assertEquals(JSONAssert.java:464)
com.zebrunner.carina.api.AbstractApiMethodV2.validateResponse(AbstractApiMethodV2.java:339)
com.zebrunner.carina.api.AbstractApiMethodV2.validateResponse(AbstractApiMethodV2.java:299)
com.solvd.carina.demo.ProductTest.putProductTest(ProductTest.java:48)
java.base/jdk.internal.reflect.DirectMethodHandleAccessor.invoke(DirectMethodHandleAccessor.java:103)
java.base/java.lang.reflect.Method.invoke(Method.java:580)
org.testng.internal.invokers.MethodInvocationHelper.invokeMethod(MethodInvocationHelper.java:139)
org.testng.internal.invokers.TestInvoker.invokeMethod(TestInvoker.java:677)
org.testng.internal.invokers.TestInvoker.invokeTestMethod(TestInvoker.java:221)
org.testng.internal.invokers.MethodRunner.runInSequence(MethodRunner.java:50)
org.testng.internal.invokers.TestInvoker$MethodInvocationAgent.invoke(TestInvoker.java:969)
org.testng.internal.invokers.TestInvoker.invokeTestMethods(TestInvoker.java:194)
org.testng.internal.invokers.TestMethodWorker.invokeTestMethods(TestMethodWorker.java:148)
org.testng.internal.invokers.TestMethodWorker.run(TestMethodWorker.java:128)
java.base/java.util.ArrayList.forEach(ArrayList.java:1596)
org.testng.TestRunner.privateRun(TestRunner.java:829)
org.testng.TestRunner.run(TestRunner.java:602)
org.testng.SuiteRunner.runTest(SuiteRunner.java:437)
org.testng.SuiteRunner.runSequentially(SuiteRunner.java:431)
org.testng.SuiteRunner.privateRun(SuiteRunner.java:391)
org.testng.SuiteRunner.run(SuiteRunner.java:330)
org.testng.SuiteRunnerWorker.runSuite(SuiteRunnerWorker.java:52)
org.testng.SuiteRunnerWorker.run(SuiteRunnerWorker.java:95)
org.testng.TestNG.runSuitesSequentially(TestNG.java:1256)
org.testng.TestNG.runSuitesLocally(TestNG.java:1176)
org.testng.TestNG.runSuites(TestNG.java:1099)
org.testng.TestNG.run(TestNG.java:1067)
com.intellij.rt.testng.IDEARemoteTestNG.run(IDEARemoteTestNG.java:66)
com.intellij.rt.testng.RemoteTestNGStarter.main(RemoteTestNGStarter.java:105)
