[2024-02-08 10:02:30] [1] [WARN] Reporting disabled: using no op test run registrar
[2024-02-08 10:02:30] [1] [INFO] TEST [SolvdTestProject - getProductByIdTest] STARTED at [19:02:30 2024-02-08]
[2024-02-08 10:02:32] [1] [INFO] Request method:	GET
Request URI:	https://dummyjson.com/products/1
Request params:	<none>
Query params:	<none>
Form params:	<none>
Path params:	<none>
Multiparts:		<none>
Cookies:		<none>
Headers:		Accept=*/*
				Content-Type=application/json; charset=UTF-8
Body:			<none>
HTTP/1.1 200 OK
access-control-allow-origin: *
x-dns-prefetch-control: off
x-frame-options: SAMEORIGIN
strict-transport-security: max-age=15552000; includeSubDomains
x-download-options: noopen
x-content-type-options: nosniff
x-xss-protection: 1; mode=block
x-ratelimit-limit: 100
x-ratelimit-remaining: 99
date: Thu, 08 Feb 2024 22:02:33 GMT
x-ratelimit-reset: 1707429760
content-type: application/json; charset=utf-8
content-length: 537
etag: W/"219-Qb5jNZGxbDZom9db3B0+RJe2d+4"
vary: Accept-Encoding
server: railway

{
    "id": 1,
    "title": "iPhone 9",
    "description": "An apple mobile which is nothing like apple",
    "price": 549,
    "discountPercentage": 12.96,
    "rating": 4.69,
    "stock": 94,
    "brand": "Apple",
    "category": "smartphones",
    "thumbnail": "https://cdn.dummyjson.com/product-images/1/thumbnail.jpg",
    "images": [
        "https://cdn.dummyjson.com/product-images/1/1.jpg",
        "https://cdn.dummyjson.com/product-images/1/2.jpg",
        "https://cdn.dummyjson.com/product-images/1/3.jpg",
        "https://cdn.dummyjson.com/product-images/1/4.jpg",
        "https://cdn.dummyjson.com/product-images/1/thumbnail.jpg"
    ]
}

[2024-02-08 10:02:32] [1] [ERROR] TEST [SolvdTestProject - getProductByIdTest] FAILED at [19:02:32 2024-02-08] - freemarker.template.TemplateNotFoundException: Template not found for name "api/products/_get/rs.schema".
The name was interpreted by this TemplateLoader: ClassTemplateLoader(resourceLoaderClass=com.zebrunner.carina.api.apitools.builder.MessageBuilder, basePackagePath="/").

com.zebrunner.carina.api.apitools.builder.MessageBuilder.buildStringMessage(MessageBuilder.java:51)
com.zebrunner.carina.api.apitools.message.TemplateMessage.getMessageText(TemplateMessage.java:111)
com.zebrunner.carina.api.AbstractApiMethodV2.validateResponseAgainstSchema(AbstractApiMethodV2.java:387)
com.solvd.carina.demo.ProductTest.getProductByIdTest(ProductTest.java:21)
java.base/jdk.internal.reflect.DirectMethodHandleAccessor.invoke(DirectMethodHandleAccessor.java:103)
java.base/java.lang.reflect.Method.invoke(Method.java:580)
org.testng.internal.invokers.MethodInvocationHelper.invokeMethod(MethodInvocationHelper.java:139)
org.testng.internal.invokers.TestInvoker.invokeMethod(TestInvoker.java:677)
org.testng.internal.invokers.TestInvoker.invokeTestMethod(TestInvoker.java:221)
org.testng.internal.invokers.MethodRunner.runInSequence(MethodRunner.java:50)
org.testng.internal.invokers.TestInvoker$MethodInvocationAgent.invoke(TestInvoker.java:969)
org.testng.internal.invokers.TestInvoker.invokeTestMethods(TestInvoker.java:194)
org.testng.internal.invokers.TestMethodWorker.invokeTestMethods(TestMethodWorker.java:148)
org.testng.internal.invokers.TestMethodWorker.run(TestMethodWorker.java:128)
java.base/java.util.ArrayList.forEach(ArrayList.java:1596)
org.testng.TestRunner.privateRun(TestRunner.java:829)
org.testng.TestRunner.run(TestRunner.java:602)
org.testng.SuiteRunner.runTest(SuiteRunner.java:437)
org.testng.SuiteRunner.runSequentially(SuiteRunner.java:431)
org.testng.SuiteRunner.privateRun(SuiteRunner.java:391)
org.testng.SuiteRunner.run(SuiteRunner.java:330)
org.testng.SuiteRunnerWorker.runSuite(SuiteRunnerWorker.java:52)
org.testng.SuiteRunnerWorker.run(SuiteRunnerWorker.java:95)
org.testng.TestNG.runSuitesSequentially(TestNG.java:1256)
org.testng.TestNG.runSuitesLocally(TestNG.java:1176)
org.testng.TestNG.runSuites(TestNG.java:1099)
org.testng.TestNG.run(TestNG.java:1067)
com.intellij.rt.testng.IDEARemoteTestNG.run(IDEARemoteTestNG.java:66)
com.intellij.rt.testng.RemoteTestNGStarter.main(RemoteTestNGStarter.java:105)
