<div id='container' style='width: 98%; padding: 10px; margin: 0; background: #EBEBE0; color: #717171; font-family: Calibri;'><div id='summary'><h2 align='center' style='background-color: gray; color: white; padding: 10px; margin: 0;'>FAILED: Default Suite (temp-testng-customsuite.xml) - DEMO ( chrome)</h2><br><h2 style='clear: both; margin: 0;'>Summary:</h2><hr/><table style='width: 1000px;'><tr><td style='width: 100px;'>Environment:</td><td>DEMO - <a href='https://www.solvd.com/'>https://www.solvd.com/</a></td></tr><tr><td>Version:</td><td></td></tr><tr><td>Browser:</td><td>chrome</td></tr><tr><td>Finished:</td><td>05:19:33 2024-02-08</td></tr><tr class='pass' style='color: #66C266;'><td>Passed: </td><td>0</td></tr><tr class='fail' style='color: #FF5C33;'><td>Failed:</td><td>1</td></tr><tr class='skip' style='color: #FFD700;'><td>Skipped:</td><td>0</td></tr><tr><td>Success rate:</td><td>0%</td></tr></table></div><br><br><div id='results'><h2 style='margin: 0;'>Test results:</h2><hr/><table cellspacing='0' cellpadding='0' style='width: 100%;'><tr><th width='10%' align='center'>Result</th><th width='75%'>Test name</th><th width='10%'>Test files</th></tr><tr><td colspan='4' class='package' style='background: gray; border-style: solid; border-width: 1px; border-color: white; padding: 5px; color: white;'>com.solvd.carina.demo</td></tr><tr class='fail' style='background: #FF5C33;'><td align='center' style='border-style: solid; border-width: 1px; border-color: white; padding: 5px; color: white;'>FAILED</td><td style='border-style: solid; border-width: 1px; border-color: white; padding: 5px; color: white;'><span>SolvdTestProject - CasesPageTest</span><div style="background:#ffcccc; color: black; padding: 5px; margin: 2px 0px 2px 0px;">no such element By.xpath: //span[@class='MuiTypography-root MuiTypography-body3 mui-4v521x' and text()='Cases']<br/>For documentation on this error, please visit: https://selenium.dev/exceptions/#no_such_element<br/>Build info: version: '4.7.0', revision: '0a5b49d16f'<br/>System info: os.name: 'Windows 10', os.arch: 'amd64', os.version: '10.0', java.version: '21.0.2'<br/>Driver info: driver.version: unknown<br/><br/>com.zebrunner.carina.webdriver.locator.ExtendedElementLocator.findElement(ExtendedElementLocator.java:157)<br/>org.openqa.selenium.support.pagefactory.internal.LocatingElementHandler.invoke(LocatingElementHandler.java:39)<br/>jdk.proxy2/jdk.proxy2.$Proxy89.click(Unknown Source)<br/>com.zebrunner.carina.webdriver.decorator.ExtendedWebElement$3.doClick(ExtendedWebElement.java:1537)<br/>com.zebrunner.carina.webdriver.decorator.ExtendedWebElement.executeAction(ExtendedWebElement.java:1397)<br/>com.zebrunner.carina.webdriver.decorator.ExtendedWebElement.overrideAction(ExtendedWebElement.java:1531)<br/>com.zebrunner.carina.webdriver.decorator.ExtendedWebElement.doAction(ExtendedWebElement.java:1510)<br/>com.zebrunner.carina.webdriver.decorator.ExtendedWebElement.doAction(ExtendedWebElement.java:1487)<br/>com.zebrunner.carina.webdriver.decorator.ExtendedWebElement.click(ExtendedWebElement.java:416)<br/>com.zebrunner.carina.webdriver.decorator.ExtendedWebElement.click(ExtendedWebElement.java:406)<br/>com.zebrunner.carina.webdriver.decorator.ExtendedWebElement.click(ExtendedWebElement.java:397)<br/>com.solvd.carina.demo.gui.solvd.components.HeaderNavigatorBar.clickCasesButton(HeaderNavigatorBar.java:40)<br/>com.solvd.carina.demo.WebSolvdTest.CasesPageTest(WebSolvdTest.java:23)<br/>java.base/jdk.internal.reflect.DirectMethodHandleAccessor.invoke(DirectMethodHandleAccessor.java:103)<br/>java.base/java.lang.reflect.Method.invoke(Method.java:580)<br/>org.testng.internal.invokers.MethodInvocationHelper.invokeMethod(MethodInvocationHelper.java:139)<br/>org.testng.internal.invokers.TestInvoker.invokeMethod(TestInvoker.java:677)<br/>org.testng.internal.invokers.TestInvoker.invokeTestMethod(TestInvoker.java:2...</div></td><td align='center' style='border-style: solid; border-width: 1px; border-color: white; padding: 5px; color: white;'><a target='_blank' href='file://F:\Coding\JavaProjects\Solvd\SolvdTestProject\SolvdTestAutomation\.\reports\1707380339474/157f275e-b46f-426e-8c60-fd1b764bb68e/test.log' style='color: white;'>Logs</a><span> | </span><a target='_blank' href='file://F:\Coding\JavaProjects\Solvd\SolvdTestProject\SolvdTestAutomation\.\reports\1707380339474/157f275e-b46f-426e-8c60-fd1b764bb68e/report.html' style='color: white;'>Slides</a></td></tr></table></div></div>